<?xml version="1.0" encoding="UTF-8"?>
<!-- Generated by org.testng.reporters.JUnitXMLReporter -->
<testsuite hostname="ASDP1726PO02529" ignored="0" tests="29" failures="0" timestamp="17 Jul 2017 13:59:47 GMT" time="11.533" errors="0">
  <testcase name="testingForAddingNewPlayer" time="1.887" classname="SnLServicesV2Test"/>
  <testcase name="testingForDeletingPlayer" time="0.452" classname="SnLServicesV2Test"/>
  <testcase name="testingForDestroyingTheBoard" time="0.225" classname="SnLServicesV2Test"/>
  <testcase name="testingForPlayerMovement" time="0.508" classname="SnLServicesV2Test"/>
  <testcase name="testingForTheUpdatingDetailsOfPlayer" time="0.482" classname="SnLServicesV2Test"/>
  <testcase name="testingListOfTheBoards" time="0.495" classname="SnLServicesV2Test"/>
  <testcase name="testingNewBoardEntry" time="0.086" classname="SnLServicesV2Test"/>
  <testcase name="testingPlayerDetail" time="0.338" classname="SnLServicesV2Test"/>
  <testcase name="testingStatusCodeJSON" time="0.403" classname="SnLServicesV2Test"/>
  <testcase name="testingForAddingNewPlayer" time="0.271" classname="SnLServiceV3Test"/>
  <testcase name="testingForDeletingPlayer" time="0.281" classname="SnLServiceV3Test"/>
  <testcase name="testingForDestroyingTheBoard" time="0.234" classname="SnLServiceV3Test"/>
  <testcase name="testingForPlayerMovement" time="0.368" classname="SnLServiceV3Test"/>
  <testcase name="testingForTheUpdatingDetailsOfPlayer" time="0.327" classname="SnLServiceV3Test"/>
  <testcase name="testingListOfTheBoards" time="0.521" classname="SnLServiceV3Test"/>
  <testcase name="testingNewBoardEntry" time="0.128" classname="SnLServiceV3Test"/>
  <testcase name="testingPlayerDetail" time="0.259" classname="SnLServiceV3Test"/>
  <testcase name="testingTokenGeneration" time="0.461" classname="SnLServiceV3Test"/>
  <testcase name="testingForAddingNewPlayer" time="0.164" classname="SnLServiceV1Test"/>
  <testcase name="testingForDeletingPlayer" time="0.269" classname="SnLServiceV1Test"/>
  <testcase name="testingForDestroyingTheBoard" time="0.111" classname="SnLServiceV1Test"/>
  <testcase name="testingForPlayerMovement" time="0.293" classname="SnLServiceV1Test"/>
  <testcase name="testingForTheUpdatingDetailsOfPlayer" time="0.295" classname="SnLServiceV1Test"/>
  <testcase name="testingListOfTheBoards" time="0.387" classname="SnLServiceV1Test"/>
  <testcase name="testingNewBoardEntry" time="0.064" classname="SnLServiceV1Test"/>
  <testcase name="testingPlayerDetail" time="0.212" classname="SnLServiceV1Test"/>
  <testcase name="testingStatusCodeJSON" time="0.43" classname="SnLServiceV1Test"/>
  <testcase name="testingStatusCodeXML" time="0.841" classname="SnLServiceV1Test"/>
  <testcase name="testingTheRestSer" time="0.398" classname="SnLServiceV1Test"/>
</testsuite>
